Board was setup
7 r n b q k b n r 
6 p p p p p p p p 
5 _ _ _ _ _ _ _ _ 
4 _ _ _ _ _ _ _ _ 
3 _ _ _ _ _ _ _ _ 
2 _ _ _ _ _ _ _ _ 
1 P P P P P P P P 
0 R N B Q K B N R 
  0 1 2 3 4 5 6 7
7 r n b q k b n r 
6 p p p p p p p p 
5 _ _ _ _ _ _ _ _ 
4 _ _ _ _ _ _ _ _ 
3 _ _ _ _ P _ _ _ 
2 _ _ _ _ _ _ _ _ 
1 P P P P _ P P P 
0 R N B Q K B N R 
  0 1 2 3 4 5 6 7
It is Black's turn
7 r n b q k b n r 
6 p p p p _ p p p 
5 _ _ _ _ _ _ _ _ 
4 _ _ _ _ p _ _ _ 
3 _ _ _ _ P _ _ _ 
2 _ _ _ _ _ _ _ _ 
1 P P P P _ P P P 
0 R N B Q K B N R 
  0 1 2 3 4 5 6 7
It is White's turn
Invalid move. kindly make a move again
7 r n b q k b n r 
6 p p p p _ p p p 
5 _ _ _ _ _ _ _ _ 
4 _ _ _ _ p _ _ _ 
3 _ _ _ _ P _ _ _ 
2 _ _ _ _ _ _ _ _ 
1 P P P P _ P P P 
0 R N B Q K B N R 
  0 1 2 3 4 5 6 7
It is White's turn
7 r n b q k b n r 
6 p p p p _ p p p 
5 _ _ _ _ _ _ _ _ 
4 _ _ _ _ p _ _ _ 
3 _ _ _ _ P _ _ _ 
2 _ _ _ _ _ N _ _ 
1 P P P P _ P P P 
0 R N B Q K B _ R 
  0 1 2 3 4 5 6 7
It is Black's turn
7 r n b q k b n r 
6 p p p p _ _ p p 
5 _ _ _ _ _ p _ _ 
4 _ _ _ _ p _ _ _ 
3 _ _ _ _ P _ _ _ 
2 _ _ _ _ _ N _ _ 
1 P P P P _ P P P 
0 R N B Q K B _ R 
  0 1 2 3 4 5 6 7
It is White's turn
7 r n b q k b n r 
6 p p p p _ _ p p 
5 _ _ _ _ _ p _ _ 
4 _ B _ _ p _ _ _ 
3 _ _ _ _ P _ _ _ 
2 _ _ _ _ _ N _ _ 
1 P P P P _ P P P 
0 R N B Q K _ _ R 
  0 1 2 3 4 5 6 7
It is Black's turn
Invalid move. kindly make a move again
7 r n b q k b n r 
6 p p p p _ _ p p 
5 _ _ _ _ _ p _ _ 
4 _ B _ _ p _ _ _ 
3 _ _ _ _ P _ _ _ 
2 _ _ _ _ _ N _ _ 
1 P P P P _ P P P 
0 R N B Q K _ _ R 
  0 1 2 3 4 5 6 7
It is Black's turn
curr.x(): 4 curr.y(): 7
Piece: king
Piece Colour: Black
Player Colour: White
7 r n b q k b n r 
6 p p _ p _ _ p p 
5 _ _ p _ _ p _ _ 
4 _ B _ _ p _ _ _ 
3 _ _ _ _ P _ _ _ 
2 _ _ _ _ _ N _ _ 
1 P P P P _ P P P 
0 R N B Q K _ _ R 
  0 1 2 3 4 5 6 7
It is White's turn
